{
  "RSpec": {
    "coverage": {
      "/Users/cews7/turing/m3/mod-three-work/projects/facebook-api/app/helpers/application_helper.rb": [
        1,
        null
      ],
      "/Users/cews7/turing/m3/mod-three-work/projects/facebook-api/app/models/user.rb": [
        1,
        1,
        0,
        0,
        0,
        0,
        0,
        0,
        0,
        0,
        0,
        0,
        null,
        null
      ],
      "/Users/cews7/turing/m3/mod-three-work/projects/facebook-api/app/models/application_record.rb": [
        1,
        1,
        null
      ],
      "/Users/cews7/turing/m3/mod-three-work/projects/facebook-api/app/services/facebook_service.rb": [
        1,
        1,
        1,
        3,
        3,
        3,
        3,
        3,
        3,
        null,
        null,
        null,
        1,
        0,
        null,
        null,
        1,
        1,
        null,
        null,
        1,
        1,
        null,
        null,
        1,
        1,
        null,
        null,
        1,
        3,
        null,
        null
      ],
      "/Users/cews7/turing/m3/mod-three-work/projects/facebook-api/app/channels/application_cable/channel.rb": [
        0,
        0,
        0,
        0
      ],
      "/Users/cews7/turing/m3/mod-three-work/projects/facebook-api/app/channels/application_cable/connection.rb": [
        0,
        0,
        0,
        0
      ],
      "/Users/cews7/turing/m3/mod-three-work/projects/facebook-api/app/controllers/application_controller.rb": [
        0,
        0,
        0,
        0,
        0,
        0,
        0,
        0,
        0
      ],
      "/Users/cews7/turing/m3/mod-three-work/projects/facebook-api/app/controllers/birthday_controller.rb": [
        0,
        0,
        0,
        0,
        0
      ],
      "/Users/cews7/turing/m3/mod-three-work/projects/facebook-api/app/controllers/friends_controller.rb": [
        0,
        0,
        0,
        0,
        0
      ],
      "/Users/cews7/turing/m3/mod-three-work/projects/facebook-api/app/controllers/home_controller.rb": [
        0,
        0,
        0,
        0,
        0
      ],
      "/Users/cews7/turing/m3/mod-three-work/projects/facebook-api/app/controllers/likes_controller.rb": [
        0,
        0,
        0,
        0,
        0
      ],
      "/Users/cews7/turing/m3/mod-three-work/projects/facebook-api/app/controllers/sessions_controller.rb": [
        0,
        0,
        0,
        0,
        0,
        0,
        0,
        0,
        0,
        0,
        0,
        0,
        0,
        0,
        0,
        0
      ],
      "/Users/cews7/turing/m3/mod-three-work/projects/facebook-api/app/jobs/application_job.rb": [
        0,
        0
      ],
      "/Users/cews7/turing/m3/mod-three-work/projects/facebook-api/app/mailers/application_mailer.rb": [
        0,
        0,
        0,
        0
      ],
      "/Users/cews7/turing/m3/mod-three-work/projects/facebook-api/app/models/user_likes.rb": [
        0,
        0,
        0,
        0,
        0,
        0,
        0,
        0,
        0,
        0,
        0,
        0
      ],
      "/Users/cews7/turing/m3/mod-three-work/projects/facebook-api/app/presenters/user_presenter.rb": [
        0,
        0,
        0,
        0,
        0,
        0,
        0,
        0,
        0,
        0,
        0,
        0,
        0,
        0,
        0,
        0,
        0,
        0,
        0,
        0,
        0,
        0,
        0
      ]
    },
    "timestamp": 1490313461
  }
}
